{"/Users/pscanf/mondora/meteor-wapi/src/lib/error-handler.js":{"path":"/Users/pscanf/mondora/meteor-wapi/src/lib/error-handler.js","s":{"1":1,"2":1,"3":1,"4":12,"5":8,"6":4,"7":4},"b":{"1":[8,4]},"f":{"1":12},"fnMap":{"1":{"name":"errorHandler","line":5,"loc":{"start":{"line":5,"column":25},"end":{"line":5,"column":65}}}},"statementMap":{"1":{"start":{"line":1,"column":0},"end":{"line":1,"column":25}},"2":{"start":{"line":3,"column":0},"end":{"line":3,"column":39}},"3":{"start":{"line":5,"column":0},"end":{"line":17,"column":3}},"4":{"start":{"line":6,"column":4},"end":{"line":16,"column":5}},"5":{"start":{"line":7,"column":8},"end":{"line":9,"column":11}},"6":{"start":{"line":12,"column":8},"end":{"line":12,"column":29}},"7":{"start":{"line":13,"column":8},"end":{"line":15,"column":11}}},"branchMap":{"1":{"line":6,"type":"if","locations":[{"start":{"line":6,"column":4},"end":{"line":6,"column":4}},{"start":{"line":6,"column":4},"end":{"line":6,"column":4}}]}}},"/Users/pscanf/mondora/meteor-wapi/src/lib/mw-error.js":{"path":"/Users/pscanf/mondora/meteor-wapi/src/lib/mw-error.js","s":{"1":1,"2":9,"3":9,"4":1},"b":{},"f":{"1":9},"fnMap":{"1":{"name":"(anonymous_1)","line":1,"loc":{"start":{"line":1,"column":14},"end":{"line":1,"column":39}}}},"statementMap":{"1":{"start":{"line":1,"column":0},"end":{"line":4,"column":2}},"2":{"start":{"line":2,"column":4},"end":{"line":2,"column":21}},"3":{"start":{"line":3,"column":4},"end":{"line":3,"column":27}},"4":{"start":{"line":6,"column":0},"end":{"line":6,"column":25}}},"branchMap":{}},"/Users/pscanf/mondora/meteor-wapi/src/lib/get-last-valid-date.js":{"path":"/Users/pscanf/mondora/meteor-wapi/src/lib/get-last-valid-date.js","s":{"1":1,"2":1,"3":1,"4":6,"5":6},"b":{},"f":{"1":6},"fnMap":{"1":{"name":"getLastValidDate","line":8,"loc":{"start":{"line":8,"column":17},"end":{"line":8,"column":46}}}},"statementMap":{"1":{"start":{"line":5,"column":0},"end":{"line":5,"column":39}},"2":{"start":{"line":6,"column":0},"end":{"line":6,"column":86}},"3":{"start":{"line":8,"column":0},"end":{"line":11,"column":2}},"4":{"start":{"line":9,"column":4},"end":{"line":9,"column":74}},"5":{"start":{"line":10,"column":4},"end":{"line":10,"column":44}}},"branchMap":{}},"/Users/pscanf/mondora/meteor-wapi/src/lib/get-user-from-token.js":{"path":"/Users/pscanf/mondora/meteor-wapi/src/lib/get-user-from-token.js","s":{"1":1,"2":1,"3":1,"4":1,"5":5,"6":5},"b":{},"f":{"1":5},"fnMap":{"1":{"name":"getUserFromToken","line":6,"loc":{"start":{"line":6,"column":17},"end":{"line":6,"column":68}}}},"statementMap":{"1":{"start":{"line":1,"column":0},"end":{"line":1,"column":35}},"2":{"start":{"line":3,"column":0},"end":{"line":3,"column":59}},"3":{"start":{"line":4,"column":0},"end":{"line":4,"column":56}},"4":{"start":{"line":6,"column":0},"end":{"line":18,"column":2}},"5":{"start":{"line":7,"column":4},"end":{"line":7,"column":50}},"6":{"start":{"line":8,"column":4},"end":{"line":17,"column":7}}},"branchMap":{}},"/Users/pscanf/mondora/meteor-wapi/src/lib/hash-login-token.js":{"path":"/Users/pscanf/mondora/meteor-wapi/src/lib/hash-login-token.js","s":{"1":1,"2":1,"3":6},"b":{},"f":{"1":6},"fnMap":{"1":{"name":"hashLoginToken","line":8,"loc":{"start":{"line":8,"column":17},"end":{"line":8,"column":54}}}},"statementMap":{"1":{"start":{"line":1,"column":0},"end":{"line":1,"column":31}},"2":{"start":{"line":8,"column":0},"end":{"line":13,"column":2}},"3":{"start":{"line":9,"column":4},"end":{"line":12,"column":26}}},"branchMap":{}},"/Users/pscanf/mondora/meteor-wapi/src/lib/result-handler.js":{"path":"/Users/pscanf/mondora/meteor-wapi/src/lib/result-handler.js","s":{"1":1,"2":1,"3":7},"b":{"1":[5,2]},"f":{"1":7},"fnMap":{"1":{"name":"resultHandler","line":3,"loc":{"start":{"line":3,"column":25},"end":{"line":3,"column":67}}}},"statementMap":{"1":{"start":{"line":1,"column":0},"end":{"line":1,"column":25}},"2":{"start":{"line":3,"column":0},"end":{"line":7,"column":3}},"3":{"start":{"line":4,"column":4},"end":{"line":6,"column":7}}},"branchMap":{"1":{"line":5,"type":"cond-expr","locations":[{"start":{"line":5,"column":41},"end":{"line":5,"column":47}},{"start":{"line":5,"column":50},"end":{"line":5,"column":54}}]}}},"/Users/pscanf/mondora/meteor-wapi/src/methods.js":{"path":"/Users/pscanf/mondora/meteor-wapi/src/methods.js","s":{"1":1,"2":1,"3":1,"4":1,"5":1,"6":1,"7":1,"8":1,"9":1,"10":1,"11":1,"12":16,"13":16,"14":15,"15":2,"16":13,"17":13,"18":1,"19":12,"20":12,"21":12,"22":1,"23":15,"24":15,"25":11,"26":1,"27":14},"b":{"1":[2,13],"2":[12,11]},"f":{"1":16,"2":16,"3":12,"4":12,"5":15,"6":11,"7":14},"fnMap":{"1":{"name":"(anonymous_1)","line":20,"loc":{"start":{"line":20,"column":17},"end":{"line":20,"column":51}}},"2":{"name":"(anonymous_2)","line":23,"loc":{"start":{"line":23,"column":14},"end":{"line":23,"column":26}}},"3":{"name":"(anonymous_3)","line":33,"loc":{"start":{"line":33,"column":14},"end":{"line":33,"column":45}}},"4":{"name":"(anonymous_4)","line":34,"loc":{"start":{"line":34,"column":20},"end":{"line":34,"column":34}}},"5":{"name":"(anonymous_5)","line":46,"loc":{"start":{"line":46,"column":16},"end":{"line":46,"column":28}}},"6":{"name":"(anonymous_6)","line":53,"loc":{"start":{"line":53,"column":19},"end":{"line":53,"column":39}}},"7":{"name":"(anonymous_7)","line":65,"loc":{"start":{"line":65,"column":13},"end":{"line":65,"column":44}}}},"statementMap":{"1":{"start":{"line":1,"column":0},"end":{"line":1,"column":37}},"2":{"start":{"line":2,"column":0},"end":{"line":2,"column":40}},"3":{"start":{"line":3,"column":0},"end":{"line":3,"column":36}},"4":{"start":{"line":4,"column":0},"end":{"line":4,"column":34}},"5":{"start":{"line":5,"column":0},"end":{"line":5,"column":34}},"6":{"start":{"line":7,"column":0},"end":{"line":7,"column":54}},"7":{"start":{"line":8,"column":0},"end":{"line":8,"column":54}},"8":{"start":{"line":9,"column":0},"end":{"line":9,"column":49}},"9":{"start":{"line":10,"column":0},"end":{"line":10,"column":55}},"10":{"start":{"line":11,"column":0},"end":{"line":11,"column":47}},"11":{"start":{"line":20,"column":0},"end":{"line":31,"column":2}},"12":{"start":{"line":21,"column":4},"end":{"line":30,"column":11}},"13":{"start":{"line":24,"column":12},"end":{"line":24,"column":45}},"14":{"start":{"line":25,"column":12},"end":{"line":27,"column":13}},"15":{"start":{"line":26,"column":16},"end":{"line":26,"column":59}},"16":{"start":{"line":28,"column":12},"end":{"line":28,"column":62}},"17":{"start":{"line":29,"column":12},"end":{"line":29,"column":50}},"18":{"start":{"line":33,"column":0},"end":{"line":44,"column":2}},"19":{"start":{"line":34,"column":4},"end":{"line":39,"column":6}},"20":{"start":{"line":35,"column":8},"end":{"line":38,"column":10}},"21":{"start":{"line":40,"column":4},"end":{"line":43,"column":18}},"22":{"start":{"line":46,"column":0},"end":{"line":58,"column":2}},"23":{"start":{"line":47,"column":4},"end":{"line":47,"column":20}},"24":{"start":{"line":48,"column":4},"end":{"line":57,"column":11}},"25":{"start":{"line":54,"column":12},"end":{"line":56,"column":42}},"26":{"start":{"line":63,"column":0},"end":{"line":80,"column":2}},"27":{"start":{"line":75,"column":8},"end":{"line":77,"column":45}}},"branchMap":{"1":{"line":25,"type":"if","locations":[{"start":{"line":25,"column":12},"end":{"line":25,"column":12}},{"start":{"line":25,"column":12},"end":{"line":25,"column":12}}]},"2":{"line":37,"type":"binary-expr","locations":[{"start":{"line":37,"column":21},"end":{"line":37,"column":28}},{"start":{"line":37,"column":32},"end":{"line":37,"column":34}}]}}},"/Users/pscanf/mondora/meteor-wapi/src/lib/bpromise-type.js":{"path":"/Users/pscanf/mondora/meteor-wapi/src/lib/bpromise-type.js","s":{"1":1,"2":1,"3":1,"4":16},"b":{},"f":{"1":16},"fnMap":{"1":{"name":"(anonymous_1)","line":4,"loc":{"start":{"line":4,"column":43},"end":{"line":4,"column":56}}}},"statementMap":{"1":{"start":{"line":1,"column":0},"end":{"line":1,"column":35}},"2":{"start":{"line":2,"column":0},"end":{"line":2,"column":32}},"3":{"start":{"line":4,"column":0},"end":{"line":6,"column":3}},"4":{"start":{"line":5,"column":4},"end":{"line":5,"column":33}}},"branchMap":{}},"/Users/pscanf/mondora/meteor-wapi/src/middleware.js":{"path":"/Users/pscanf/mondora/meteor-wapi/src/middleware.js","s":{"1":1,"2":1,"3":1,"4":1,"5":1,"6":1,"7":1,"8":1,"9":15,"10":15,"11":13,"12":2,"13":13,"14":13,"15":19,"16":15,"17":11,"18":4,"19":4,"20":2,"21":2,"22":2,"23":2},"b":{"1":[13,2],"2":[11,4],"3":[2,2]},"f":{"1":15,"2":13,"3":19,"4":15,"5":4},"fnMap":{"1":{"name":"(anonymous_1)","line":17,"loc":{"start":{"line":17,"column":29},"end":{"line":17,"column":55}}},"2":{"name":"(anonymous_2)","line":26,"loc":{"start":{"line":26,"column":22},"end":{"line":26,"column":48}}},"3":{"name":"(anonymous_3)","line":33,"loc":{"start":{"line":33,"column":10},"end":{"line":33,"column":32}}},"4":{"name":"(anonymous_4)","line":34,"loc":{"start":{"line":34,"column":15},"end":{"line":34,"column":41}}},"5":{"name":"(anonymous_5)","line":39,"loc":{"start":{"line":39,"column":22},"end":{"line":39,"column":38}}}},"statementMap":{"1":{"start":{"line":1,"column":0},"end":{"line":1,"column":35}},"2":{"start":{"line":2,"column":0},"end":{"line":2,"column":32}},"3":{"start":{"line":3,"column":0},"end":{"line":3,"column":43}},"4":{"start":{"line":5,"column":0},"end":{"line":5,"column":53}},"5":{"start":{"line":6,"column":0},"end":{"line":6,"column":57}},"6":{"start":{"line":7,"column":0},"end":{"line":7,"column":63}},"7":{"start":{"line":8,"column":0},"end":{"line":8,"column":52}},"8":{"start":{"line":15,"column":0},"end":{"line":51,"column":2}},"9":{"start":{"line":18,"column":8},"end":{"line":18,"column":56}},"10":{"start":{"line":19,"column":8},"end":{"line":23,"column":9}},"11":{"start":{"line":20,"column":12},"end":{"line":20,"column":19}},"12":{"start":{"line":22,"column":12},"end":{"line":22,"column":73}},"13":{"start":{"line":27,"column":8},"end":{"line":29,"column":10}},"14":{"start":{"line":30,"column":8},"end":{"line":30,"column":15}},"15":{"start":{"line":34,"column":8},"end":{"line":48,"column":10}},"16":{"start":{"line":35,"column":12},"end":{"line":37,"column":13}},"17":{"start":{"line":36,"column":16},"end":{"line":36,"column":30}},"18":{"start":{"line":38,"column":12},"end":{"line":47,"column":42}},"19":{"start":{"line":40,"column":20},"end":{"line":42,"column":21}},"20":{"start":{"line":41,"column":24},"end":{"line":41,"column":69}},"21":{"start":{"line":43,"column":20},"end":{"line":43,"column":50}},"22":{"start":{"line":44,"column":20},"end":{"line":44,"column":44}},"23":{"start":{"line":45,"column":20},"end":{"line":45,"column":27}}},"branchMap":{"1":{"line":19,"type":"if","locations":[{"start":{"line":19,"column":8},"end":{"line":19,"column":8}},{"start":{"line":19,"column":8},"end":{"line":19,"column":8}}]},"2":{"line":35,"type":"if","locations":[{"start":{"line":35,"column":12},"end":{"line":35,"column":12}},{"start":{"line":35,"column":12},"end":{"line":35,"column":12}}]},"3":{"line":40,"type":"if","locations":[{"start":{"line":40,"column":20},"end":{"line":40,"column":20}},{"start":{"line":40,"column":20},"end":{"line":40,"column":20}}]}}},"/Users/pscanf/mondora/meteor-wapi/src/lib/body-type.js":{"path":"/Users/pscanf/mondora/meteor-wapi/src/lib/body-type.js","s":{"1":1,"2":1},"b":{},"f":{},"fnMap":{},"statementMap":{"1":{"start":{"line":1,"column":0},"end":{"line":1,"column":25}},"2":{"start":{"line":3,"column":0},"end":{"line":7,"column":3}}},"branchMap":{}},"/Users/pscanf/mondora/meteor-wapi/src/mw.js":{"path":"/Users/pscanf/mondora/meteor-wapi/src/mw.js","s":{"1":1,"2":1,"3":1,"4":1,"5":13,"6":13,"7":1,"8":1,"9":1},"b":{},"f":{"1":13},"fnMap":{"1":{"name":"(anonymous_1)","line":6,"loc":{"start":{"line":6,"column":9},"end":{"line":6,"column":23}}}},"statementMap":{"1":{"start":{"line":1,"column":0},"end":{"line":1,"column":25}},"2":{"start":{"line":3,"column":0},"end":{"line":3,"column":38}},"3":{"start":{"line":4,"column":0},"end":{"line":4,"column":43}},"4":{"start":{"line":6,"column":0},"end":{"line":10,"column":2}},"5":{"start":{"line":8,"column":4},"end":{"line":8,"column":17}},"6":{"start":{"line":9,"column":4},"end":{"line":9,"column":23}},"7":{"start":{"line":11,"column":0},"end":{"line":11,"column":19}},"8":{"start":{"line":13,"column":0},"end":{"line":13,"column":46}},"9":{"start":{"line":15,"column":0},"end":{"line":15,"column":20}}},"branchMap":{}}}