TN:
SF:/Users/pscanf/mondora/meteor-wapi/src/lib/error-handler.js
FN:5,errorHandler
FNF:1
FNH:1
FNDA:12,errorHandler
DA:1,1
DA:3,1
DA:5,1
DA:6,12
DA:7,8
DA:12,4
DA:13,4
LF:7
LH:7
BRDA:6,1,0,8
BRDA:6,1,1,4
BRF:2
BRH:2
end_of_record
TN:
SF:/Users/pscanf/mondora/meteor-wapi/src/lib/mw-error.js
FN:1,(anonymous_1)
FNF:1
FNH:1
FNDA:9,(anonymous_1)
DA:1,1
DA:2,9
DA:3,9
DA:6,1
LF:4
LH:4
BRF:0
BRH:0
end_of_record
TN:
SF:/Users/pscanf/mondora/meteor-wapi/src/lib/get-last-valid-date.js
FN:8,getLastValidDate
FNF:1
FNH:1
FNDA:6,getLastValidDate
DA:5,1
DA:6,1
DA:8,1
DA:9,6
DA:10,6
LF:5
LH:5
BRF:0
BRH:0
end_of_record
TN:
SF:/Users/pscanf/mondora/meteor-wapi/src/lib/get-user-from-token.js
FN:6,getUserFromToken
FNF:1
FNH:1
FNDA:5,getUserFromToken
DA:1,1
DA:3,1
DA:4,1
DA:6,1
DA:7,5
DA:8,5
LF:6
LH:6
BRF:0
BRH:0
end_of_record
TN:
SF:/Users/pscanf/mondora/meteor-wapi/src/lib/hash-login-token.js
FN:8,hashLoginToken
FNF:1
FNH:1
FNDA:6,hashLoginToken
DA:1,1
DA:8,1
DA:9,6
LF:3
LH:3
BRF:0
BRH:0
end_of_record
TN:
SF:/Users/pscanf/mondora/meteor-wapi/src/lib/result-handler.js
FN:3,resultHandler
FNF:1
FNH:1
FNDA:7,resultHandler
DA:1,1
DA:3,1
DA:4,7
LF:3
LH:3
BRDA:5,1,0,5
BRDA:5,1,1,2
BRF:2
BRH:2
end_of_record
TN:
SF:/Users/pscanf/mondora/meteor-wapi/src/methods.js
FN:20,(anonymous_1)
FN:23,(anonymous_2)
FN:33,(anonymous_3)
FN:34,(anonymous_4)
FN:46,(anonymous_5)
FN:53,(anonymous_6)
FN:65,(anonymous_7)
FNF:7
FNH:7
FNDA:16,(anonymous_1)
FNDA:16,(anonymous_2)
FNDA:12,(anonymous_3)
FNDA:12,(anonymous_4)
FNDA:15,(anonymous_5)
FNDA:11,(anonymous_6)
FNDA:14,(anonymous_7)
DA:1,1
DA:2,1
DA:3,1
DA:4,1
DA:5,1
DA:7,1
DA:8,1
DA:9,1
DA:10,1
DA:11,1
DA:20,1
DA:21,16
DA:24,16
DA:25,15
DA:26,2
DA:28,13
DA:29,13
DA:33,1
DA:34,12
DA:35,12
DA:40,12
DA:46,1
DA:47,15
DA:48,15
DA:54,11
DA:63,1
DA:75,14
LF:27
LH:27
BRDA:25,1,0,2
BRDA:25,1,1,13
BRDA:37,2,0,12
BRDA:37,2,1,11
BRF:4
BRH:4
end_of_record
TN:
SF:/Users/pscanf/mondora/meteor-wapi/src/lib/bpromise-type.js
FN:4,(anonymous_1)
FNF:1
FNH:1
FNDA:16,(anonymous_1)
DA:1,1
DA:2,1
DA:4,1
DA:5,16
LF:4
LH:4
BRF:0
BRH:0
end_of_record
TN:
SF:/Users/pscanf/mondora/meteor-wapi/src/middleware.js
FN:17,(anonymous_1)
FN:26,(anonymous_2)
FN:33,(anonymous_3)
FN:34,(anonymous_4)
FN:39,(anonymous_5)
FNF:5
FNH:5
FNDA:15,(anonymous_1)
FNDA:13,(anonymous_2)
FNDA:19,(anonymous_3)
FNDA:15,(anonymous_4)
FNDA:4,(anonymous_5)
DA:1,1
DA:2,1
DA:3,1
DA:5,1
DA:6,1
DA:7,1
DA:8,1
DA:15,1
DA:18,15
DA:19,15
DA:20,13
DA:22,2
DA:27,13
DA:30,13
DA:34,19
DA:35,15
DA:36,11
DA:38,4
DA:40,4
DA:41,2
DA:43,2
DA:44,2
DA:45,2
LF:23
LH:23
BRDA:19,1,0,13
BRDA:19,1,1,2
BRDA:35,2,0,11
BRDA:35,2,1,4
BRDA:40,3,0,2
BRDA:40,3,1,2
BRF:6
BRH:6
end_of_record
TN:
SF:/Users/pscanf/mondora/meteor-wapi/src/lib/body-type.js
FNF:0
FNH:0
DA:1,1
DA:3,1
LF:2
LH:2
BRF:0
BRH:0
end_of_record
TN:
SF:/Users/pscanf/mondora/meteor-wapi/src/mw.js
FN:6,(anonymous_1)
FNF:1
FNH:1
FNDA:13,(anonymous_1)
DA:1,1
DA:3,1
DA:4,1
DA:6,1
DA:8,13
DA:9,13
DA:11,1
DA:13,1
DA:15,1
LF:9
LH:9
BRF:0
BRH:0
end_of_record
